2021-10-28 11:24:39,720 4100 [main] INFO  com.trello.TrelloScripts.TC1_CreateBoard - Header added to the request
2021-10-28 11:24:39,750 4130 [main] INFO  com.trello.TrelloScripts.TC1_CreateBoard - Query Parameter added to the Request
2021-10-28 11:24:43,206 7586 [main] INFO  com.trello.TrelloScripts.TC1_CreateBoard - 617a3b230c64670a48ba59c9 written in .json file
2021-10-28 11:24:43,234 7614 [main] INFO  com.trello.TrelloScripts.TC1_CreateBoard - Expected Status Code: 200 Matched with Actual Status Code: 200
2021-10-28 11:24:44,428 8808 [main] INFO  com.trello.TrelloScripts.TC2_CreateList - Header added to the request
2021-10-28 11:24:44,442 8822 [main] INFO  com.trello.TrelloScripts.TC2_CreateList - Query Parameter added to the Request
2021-10-28 11:24:45,224 9604 [main] INFO  com.trello.TrelloScripts.TC2_CreateList - 617a3b26ca2b8538002112bd written in .json file
2021-10-28 11:24:45,224 9604 [main] INFO  com.trello.TrelloScripts.TC2_CreateList - Expected Status Code: 200 Matched with Actual Status Code: 200
2021-10-28 11:24:45,349 9729 [main] INFO  com.trello.TrelloScripts.TC3_CreateCard - Header added to the request
2021-10-28 11:24:45,370 9750 [main] INFO  com.trello.TrelloScripts.TC3_CreateCard - Query Parameter added to the Request
2021-10-28 11:24:46,224 10604 [main] INFO  com.trello.TrelloScripts.TC3_CreateCard - 617a3b27da705b6b140cdde3 written in .json file
2021-10-28 11:24:46,225 10605 [main] INFO  com.trello.TrelloScripts.TC3_CreateCard - Expected Status Code: 200 Matched with Actual Status Code: 200
2021-10-28 11:24:46,380 10760 [main] INFO  com.trello.TrelloScripts.TC4_GetCard - Header added to the request
2021-10-28 11:24:46,381 10761 [main] INFO  com.trello.TrelloScripts.TC4_GetCard - Query Parameter added to the Request
2021-10-28 11:24:47,077 11457 [main] INFO  com.trello.TrelloScripts.TC4_GetCard - Expected Status Code: 200 Matched with Actual Status Code: 200
2021-10-28 11:24:47,217 11597 [main] INFO  com.trello.TrelloScripts.TC5_UpdateCard - Header added to the request
2021-10-28 11:24:47,218 11598 [main] INFO  com.trello.TrelloScripts.TC5_UpdateCard - Query Parameter added to the Request
2021-10-28 11:24:47,857 12237 [main] INFO  com.trello.TrelloScripts.TC5_UpdateCard - Expected Status Code: 200 Matched with Actual Status Code: 200
2021-10-28 11:24:48,066 12446 [main] INFO  com.trello.TrelloScripts.TC6_DeleteCard - Header added to the request
2021-10-28 11:24:48,067 12447 [main] INFO  com.trello.TrelloScripts.TC6_DeleteCard - Query Parameter added to the Request
2021-10-28 11:24:48,845 13225 [main] INFO  com.trello.TrelloScripts.TC6_DeleteCard - Expected Status Code: 200 Matched with Actual Status Code: 200
2021-10-28 11:24:48,908 13288 [main] INFO  com.trello.TrelloScripts.TC6_DeleteCard - Allure Report is Generated Successfully
